[
  {
    "evidence_id": "SEC-0001",
    "artifact_type": "Windows Security Process Creation",
    "source": "Security Event Log",
    "event_id": "4688",
    "timestamp": "06-Sep-26 1:09:14 PM",
    "value": "A new process has been created.\r\n\r\nCreator Subject:\r\n\tSecurity ID:\t\tS-1-5-21-2236097983-1470206728-377125552-1001\r\n\tAccount Name:\t\tabc\r\n\tAccount Domain:\t\tDESKTOP-QR8OR50\r\n\tLogon ID:\t\t0x9A159\r\n\r\nTarget Subject:\r\n\tSecurity ID:\t\tS-1-0-0\r\n\tAccount Name:\t\t-\r\n\tAccount Domain:\t\t-\r\n\tLogon ID:\t\t0x0\r\n\r\nProcess Information:\r\n\tNew Process ID:\t\t0x3324\r\n\tNew Process Name:\tC:\\Windows\\SysWOW64\\whoami.exe\r\n\tToken Elevation Type:\tTokenElevationTypeFull (2)\r\n\tMandatory Label:\t\tS-1-16-12288\r\n\tCreator Process ID:\t0x3d54\r\n\tCreator Process Name:\tC:\\Windows\\SysWOW64\\cmd.exe\r\n\tProcess Command Line:\t\r\n\r\nToken Elevation Type indicates the type of token that was assigned to the new process in accordance with User Account Control policy.\r\n\r\nType 1 is a full token with no privileges removed or groups disabled.  A full token is only used if User Account Control is disabled or if the user is the built-in Administrator account or a service account.\r\n\r\nType 2 is an elevated token with no privileges removed or groups disabled.  An elevated token is used when User Account Control is enabled and the user chooses to start the program using Run as administrator.  An elevated token is also used when an application is configured to always require administrative privilege or to always require maximum privilege, and the user is a member of the Administrators group.\r\n\r\nType 3 is a limited token with administrative privileges removed and administrative groups disabled.  The limited token is used when User Account Control is enabled, the application does not require administrative privilege, and the user does not choose to start the program using Run as administrator.",
    "provenance": "C:\\ForensicAgent\\sample_data\\S2_DownloadExecution\\security_4688.csv"
  },
  {
    "evidence_id": "SEC-0002",
    "artifact_type": "Windows Security Process Creation",
    "source": "Security Event Log",
    "event_id": "4688",
    "timestamp": "06-Sep-26 1:09:14 PM",
    "value": "A new process has been created.\r\n\r\nCreator Subject:\r\n\tSecurity ID:\t\tS-1-5-21-2236097983-1470206728-377125552-1001\r\n\tAccount Name:\t\tabc\r\n\tAccount Domain:\t\tDESKTOP-QR8OR50\r\n\tLogon ID:\t\t0x9A159\r\n\r\nTarget Subject:\r\n\tSecurity ID:\t\tS-1-0-0\r\n\tAccount Name:\t\t-\r\n\tAccount Domain:\t\t-\r\n\tLogon ID:\t\t0x0\r\n\r\nProcess Information:\r\n\tNew Process ID:\t\t0x3d54\r\n\tNew Process Name:\tC:\\Windows\\SysWOW64\\cmd.exe\r\n\tToken Elevation Type:\tTokenElevationTypeFull (2)\r\n\tMandatory Label:\t\tS-1-16-12288\r\n\tCreator Process ID:\t0x3d88\r\n\tCreator Process Name:\tC:\\Windows\\SysWOW64\\WindowsPowerShell\\v1.0\\powershell.exe\r\n\tProcess Command Line:\t\r\n\r\nToken Elevation Type indicates the type of token that was assigned to the new process in accordance with User Account Control policy.\r\n\r\nType 1 is a full token with no privileges removed or groups disabled.  A full token is only used if User Account Control is disabled or if the user is the built-in Administrator account or a service account.\r\n\r\nType 2 is an elevated token with no privileges removed or groups disabled.  An elevated token is used when User Account Control is enabled and the user chooses to start the program using Run as administrator.  An elevated token is also used when an application is configured to always require administrative privilege or to always require maximum privilege, and the user is a member of the Administrators group.\r\n\r\nType 3 is a limited token with administrative privileges removed and administrative groups disabled.  The limited token is used when User Account Control is enabled, the application does not require administrative privilege, and the user does not choose to start the program using Run as administrator.",
    "provenance": "C:\\ForensicAgent\\sample_data\\S2_DownloadExecution\\security_4688.csv"
  },
  {
    "evidence_id": "PF-0001",
    "artifact_type": "Windows Prefetch",
    "source": "C:\\Windows\\Prefetch",
    "timestamp": "06-Sep-26 1:09:14 PM",
    "value": "CMD.EXE-6D6290C5.pf",
    "path": "C:\\Windows\\Prefetch\\CMD.EXE-6D6290C5.pf",
    "size": "3261",
    "provenance": "C:\\ForensicAgent\\sample_data\\S2_DownloadExecution\\prefetch_cmd.csv"
  },
  {
    "evidence_id": "PF-0002",
    "artifact_type": "Windows Prefetch",
    "source": "C:\\Windows\\Prefetch",
    "timestamp": "05-Sep-26 8:45:39 PM",
    "value": "CMD.EXE-0BD30981.pf",
    "path": "C:\\Windows\\Prefetch\\CMD.EXE-0BD30981.pf",
    "size": "2560",
    "provenance": "C:\\ForensicAgent\\sample_data\\S2_DownloadExecution\\prefetch_cmd.csv"
  },
  {
    "evidence_id": "FILE-downloaded_test.bat",
    "artifact_type": "File-system artifact",
    "source": "C:\\ForensicAgent\\sample_data\\S2_DownloadExecution\\downloaded_test.bat",
    "timestamp": "1788680290.0667903",
    "value": "@echo off\necho ICA2026_S2_EXECUTION > C:\\ForensicAgent\\sample_data\\S2_DownloadExecution\\execution_marker.txt\nwhoami >> C:\\ForensicAgent\\sample_data\\S2_DownloadExecution\\execution_marker.txt\ndate /t >> C:\\ForensicAgent\\sample_data\\S2_DownloadExecution\\execution_marker.txt\ntime /t >> C:\\ForensicAgent\\sample_data\\S2_DownloadExecution\\execution_marker.txt\n",
    "provenance": "C:\\ForensicAgent\\sample_data\\S2_DownloadExecution\\downloaded_test.bat"
  },
  {
    "evidence_id": "FILE-execution_marker.txt",
    "artifact_type": "File-system artifact",
    "source": "C:\\ForensicAgent\\sample_data\\S2_DownloadExecution\\execution_marker.txt",
    "timestamp": "1788680354.6041892",
    "value": "ICA2026_S2_EXECUTION \ndesktop-qr8or50\\abc\n06-Sep-26 \n01:09 PM\n",
    "provenance": "C:\\ForensicAgent\\sample_data\\S2_DownloadExecution\\execution_marker.txt"
  }
]