[
  {
    "evidence_id": "PS-0001",
    "artifact_type": "Windows PowerShell Event Log",
    "source": "Microsoft-Windows-PowerShell/Operational",
    "event_id": "4103",
    "timestamp": "06-Sep-26 1:05:39 PM",
    "level": "Information",
    "provider": "Microsoft-Windows-PowerShell",
    "value": "CommandInvocation(Set-StrictMode): \"Set-StrictMode\"\r\nParameterBinding(Set-StrictMode): name=\"Off\"; value=\"True\"\r\n\r\n\r\nContext:\r\n        Severity = Informational\r\n        Host Name = ConsoleHost\r\n        Host Version = 5.1.26100.9168\r\n        Host ID = SANITIZED-GUID\r\n        Host Application = C:\\Windows\\SysWOW64\\WindowsPowerShell\\v1.0\\powershell.exe\r\n        Engine Version = 5.1.26100.9168\r\n        Runspace ID = SANITIZED-GUID\r\n        Pipeline ID = 14\r\n        Command Name = Set-StrictMode\r\n        Command Type = Cmdlet\r\n        Script Name = C:\\Program Files\\WindowsPowerShell\\Modules\\PSReadLine\\2.0.0\\PSReadLine.psm1\r\n        Command Path = \r\n        Sequence Number = 47\r\n        User = FORENSIC-HOST\\analyst\r\n        Connected User = \r\n        Shell ID = Microsoft.PowerShell\r\n\r\n\r\nUser Data:",
    "provenance": "C:\\ForensicAgent\\sample_data\\S1_PowerShell\\powershell_events.csv"
  },
  {
    "evidence_id": "PS-0002",
    "artifact_type": "Windows PowerShell Event Log",
    "source": "Microsoft-Windows-PowerShell/Operational",
    "event_id": "4104",
    "timestamp": "06-Sep-26 1:05:39 PM",
    "level": "Verbose",
    "provider": "Microsoft-Windows-PowerShell",
    "value": "Creating Scriptblock text (1 of 1):\r\nprompt\r\n\r\nScriptBlock ID: SANITIZED-GUID\r\nPath:",
    "provenance": "C:\\ForensicAgent\\sample_data\\S1_PowerShell\\powershell_events.csv"
  },
  {
    "evidence_id": "PS-0003",
    "artifact_type": "Windows PowerShell Event Log",
    "source": "Microsoft-Windows-PowerShell/Operational",
    "event_id": "4103",
    "timestamp": "06-Sep-26 1:05:39 PM",
    "level": "Information",
    "provider": "Microsoft-Windows-PowerShell",
    "value": "CommandInvocation(Out-Default): \"Out-Default\"\r\nParameterBinding(Out-Default): name=\"InputObject\"; value=\"Microsoft.PowerShell.Commands.Internal.Format.FormatStartData\"\r\nParameterBinding(Out-Default): name=\"InputObject\"; value=\"Microsoft.PowerShell.Commands.Internal.Format.GroupStartData\"\r\nParameterBinding(Out-Default): name=\"InputObject\"; value=\"Microsoft.PowerShell.Commands.Internal.Format.FormatEntryData\"\r\nParameterBinding(Out-Default): name=\"InputObject\"; value=\"Microsoft.PowerShell.Commands.Internal.Format.FormatEntryData\"\r\nParameterBinding(Out-Default): name=\"InputObject\"; value=\"Microsoft.PowerShell.Commands.Internal.Format.FormatEntryData\"\r\nParameterBinding(Out-Default): name=\"InputObject\"; value=\"Microsoft.PowerShell.Commands.Internal.Format.FormatEntryData\"\r\nParameterBinding(Out-Default): name=\"InputObject\"; value=\"Microsoft.PowerShell.Commands.Internal.Format.FormatEntryData\"\r\nParameterBinding(Out-Default): name=\"InputObject\"; value=\"Microsoft.PowerShell.Commands.Internal.Format.FormatEntryData\"\r\nParameterBinding(Out-Default): name=\"InputObject\"; value=\"Microsoft.PowerShell.Commands.Internal.Format.FormatEntryData\"\r\nParameterBinding(Out-Default): name=\"InputObject\"; value=\"Microsoft.PowerShell.Commands.Internal.Format.FormatEntryData\"\r\nParameterBinding(Out-Default): name=\"InputObject\"; value=\"Microsoft.PowerShell.Commands.Internal.Format.FormatEntryData\"\r\nParameterBinding(Out-Default): name=\"InputObject\"; value=\"Microsoft.PowerShell.Commands.Internal.Format.FormatEntryData\"\r\nParameterBinding(Out-Default): name=\"InputObject\"; value=\"Microsoft.PowerShell.Commands.Internal.Format.FormatEntryData\"\r\nParameterBinding(Out-Default): name=\"InputObject\"; value=\"Microsoft.PowerShell.Commands.Internal.Format.FormatEntryData\"\r\nParameterBinding(Out-Default): name=\"InputObject\"; value=\"Microsoft.PowerShell.Commands.Internal.Format.FormatEntryData\"\r\nParameterBinding(Out-Default): name=\"InputObject\"; value=\"Microsoft.PowerShell.Commands.Internal.Format.FormatEntryData\"\r\nParameterBinding(Out-Default): name=\"InputObject\"; value=\"Microsoft.PowerShell.Commands.Internal.Format.FormatEntryData\"\r\nParameterBinding(Out-Default): name=\"InputObject\"; value=\"Microsoft.PowerShell.Commands.Internal.Format.FormatEntryData\"\r\nParameterBinding(Out-Default): name=\"InputObject\"; value=\"Microsoft.PowerShell.Commands.Internal.Format.FormatEntryData\"\r\nParameterBinding(Out-Default): name=\"InputObject\"; value=\"Microsoft.PowerShell.Commands.Internal.Format.FormatEntryData\"\r\nParameterBinding(Out-Default): name=\"InputObject\"; value=\"Microsoft.PowerShell.Commands.Internal.Format.FormatEntryData\"\r\nParameterBinding(Out-Default): name=\"InputObject\"; value=\"Microsoft.PowerShell.Commands.Internal.Format.FormatEntryData\"\r\nParameterBinding(Out-Default): name=\"InputObject\"; value=\"Microsoft.PowerShell.Commands.Internal.Format.FormatEntryData\"\r\nParameterBinding(Out-Default): name=\"InputObject\"; value=\"Microsoft.PowerShell.Commands.Internal.Format.FormatEntryData\"\r\nParameterBinding(Out-Default): name=\"InputObject\"; value=\"Microsoft.PowerShell.Commands.Internal.Format.GroupEndData\"\r\nParameterBinding(Out-Default): name=\"InputObject\"; value=\"Microsoft.PowerShell.Commands.Internal.Format.FormatEndData\"\r\n\r\n\r\nContext:\r\n        Severity = Informational\r\n        Host Name = ConsoleHost\r\n        Host Version = 5.1.26100.9168\r\n        Host ID = SANITIZED-GUID\r\n        Host Application = C:\\Windows\\SysWOW64\\WindowsPowerShell\\v1.0\\powershell.exe\r\n        Engine Version = 5.1.26100.9168\r\n        Runspace ID = SANITIZED-GUID\r\n        Pipeline ID = 11\r\n        Command Name = \r\n        Command Type = Script\r\n        Script Name = \r\n        Command Path = \r\n        Sequence Number = 45\r\n        User = FORENSIC-HOST\\analyst\r\n        Connected User = \r\n        Shell ID = Microsoft.PowerShell\r\n\r\n\r\nUser Data:",
    "provenance": "C:\\ForensicAgent\\sample_data\\S1_PowerShell\\powershell_events.csv"
  },
  {
    "evidence_id": "PS-0004",
    "artifact_type": "Windows PowerShell Event Log",
    "source": "Microsoft-Windows-PowerShell/Operational",
    "event_id": "4104",
    "timestamp": "06-Sep-26 1:05:39 PM",
    "level": "Verbose",
    "provider": "Microsoft-Windows-PowerShell",
    "value": "Creating Scriptblock text (1 of 1):\r\n{\n    $_.Id -in 4103,4104\n}\r\n\r\nScriptBlock ID: SANITIZED-GUID\r\nPath:",
    "provenance": "C:\\ForensicAgent\\sample_data\\S1_PowerShell\\powershell_events.csv"
  },
  {
    "evidence_id": "PS-0005",
    "artifact_type": "Windows PowerShell Event Log",
    "source": "Microsoft-Windows-PowerShell/Operational",
    "event_id": "4104",
    "timestamp": "06-Sep-26 1:05:39 PM",
    "level": "Verbose",
    "provider": "Microsoft-Windows-PowerShell",
    "value": "Creating Scriptblock text (1 of 1):\r\nGet-WinEvent `\n  -LogName \"Microsoft-Windows-PowerShell/Operational\" `\n  -MaxEvents 50 |\nWhere-Object {\n    $_.Id -in 4103,4104\n} |\nSelect-Object TimeCreated, Id, Message |\nFormat-List\r\n\r\nScriptBlock ID: SANITIZED-GUID\r\nPath:",
    "provenance": "C:\\ForensicAgent\\sample_data\\S1_PowerShell\\powershell_events.csv"
  },
  {
    "evidence_id": "PS-0006",
    "artifact_type": "Windows PowerShell Event Log",
    "source": "Microsoft-Windows-PowerShell/Operational",
    "event_id": "4103",
    "timestamp": "06-Sep-26 1:05:39 PM",
    "level": "Information",
    "provider": "Microsoft-Windows-PowerShell",
    "value": "CommandInvocation(PSConsoleHostReadLine): \"PSConsoleHostReadLine\"\r\n\r\n\r\nContext:\r\n        Severity = Informational\r\n        Host Name = ConsoleHost\r\n        Host Version = 5.1.26100.9168\r\n        Host ID = SANITIZED-GUID\r\n        Host Application = C:\\Windows\\SysWOW64\\WindowsPowerShell\\v1.0\\powershell.exe\r\n        Engine Version = 5.1.26100.9168\r\n        Runspace ID = SANITIZED-GUID\r\n        Pipeline ID = 10\r\n        Command Name = PSConsoleHostReadLine\r\n        Command Type = Function\r\n        Script Name = \r\n        Command Path = \r\n        Sequence Number = 41\r\n        User = FORENSIC-HOST\\analyst\r\n        Connected User = \r\n        Shell ID = Microsoft.PowerShell\r\n\r\n\r\nUser Data:",
    "provenance": "C:\\ForensicAgent\\sample_data\\S1_PowerShell\\powershell_events.csv"
  },
  {
    "evidence_id": "PS-0007",
    "artifact_type": "Windows PowerShell Event Log",
    "source": "Microsoft-Windows-PowerShell/Operational",
    "event_id": "4103",
    "timestamp": "06-Sep-26 1:05:33 PM",
    "level": "Information",
    "provider": "Microsoft-Windows-PowerShell",
    "value": "CommandInvocation(Set-StrictMode): \"Set-StrictMode\"\r\nParameterBinding(Set-StrictMode): name=\"Off\"; value=\"True\"\r\n\r\n\r\nContext:\r\n        Severity = Informational\r\n        Host Name = ConsoleHost\r\n        Host Version = 5.1.26100.9168\r\n        Host ID = SANITIZED-GUID\r\n        Host Application = C:\\Windows\\SysWOW64\\WindowsPowerShell\\v1.0\\powershell.exe\r\n        Engine Version = 5.1.26100.9168\r\n        Runspace ID = SANITIZED-GUID\r\n        Pipeline ID = 10\r\n        Command Name = Set-StrictMode\r\n        Command Type = Cmdlet\r\n        Script Name = C:\\Program Files\\WindowsPowerShell\\Modules\\PSReadLine\\2.0.0\\PSReadLine.psm1\r\n        Command Path = \r\n        Sequence Number = 39\r\n        User = FORENSIC-HOST\\analyst\r\n        Connected User = \r\n        Shell ID = Microsoft.PowerShell\r\n\r\n\r\nUser Data:",
    "provenance": "C:\\ForensicAgent\\sample_data\\S1_PowerShell\\powershell_events.csv"
  },
  {
    "evidence_id": "PS-0008",
    "artifact_type": "Windows PowerShell Event Log",
    "source": "Microsoft-Windows-PowerShell/Operational",
    "event_id": "4104",
    "timestamp": "06-Sep-26 1:05:33 PM",
    "level": "Verbose",
    "provider": "Microsoft-Windows-PowerShell",
    "value": "Creating Scriptblock text (1 of 1):\r\nprompt\r\n\r\nScriptBlock ID: SANITIZED-GUID\r\nPath:",
    "provenance": "C:\\ForensicAgent\\sample_data\\S1_PowerShell\\powershell_events.csv"
  },
  {
    "evidence_id": "PS-0009",
    "artifact_type": "Windows PowerShell Event Log",
    "source": "Microsoft-Windows-PowerShell/Operational",
    "event_id": "4103",
    "timestamp": "06-Sep-26 1:05:33 PM",
    "level": "Information",
    "provider": "Microsoft-Windows-PowerShell",
    "value": "CommandInvocation(Out-Default): \"Out-Default\"\r\n\r\n\r\nContext:\r\n        Severity = Informational\r\n        Host Name = ConsoleHost\r\n        Host Version = 5.1.26100.9168\r\n        Host ID = SANITIZED-GUID\r\n        Host Application = C:\\Windows\\SysWOW64\\WindowsPowerShell\\v1.0\\powershell.exe\r\n        Engine Version = 5.1.26100.9168\r\n        Runspace ID = SANITIZED-GUID\r\n        Pipeline ID = 6\r\n        Command Name = \r\n        Command Type = Script\r\n        Script Name = \r\n        Command Path = \r\n        Sequence Number = 37\r\n        User = FORENSIC-HOST\\analyst\r\n        Connected User = \r\n        Shell ID = Microsoft.PowerShell\r\n\r\n\r\nUser Data:",
    "provenance": "C:\\ForensicAgent\\sample_data\\S1_PowerShell\\powershell_events.csv"
  },
  {
    "evidence_id": "PS-0011",
    "artifact_type": "Windows PowerShell Event Log",
    "source": "Microsoft-Windows-PowerShell/Operational",
    "event_id": "4103",
    "timestamp": "06-Sep-26 1:05:33 PM",
    "level": "Information",
    "provider": "Microsoft-Windows-PowerShell",
    "value": "CommandInvocation(Get-Date): \"Get-Date\"\r\n\r\n\r\nContext:\r\n        Severity = Informational\r\n        Host Name = ConsoleHost\r\n        Host Version = 5.1.26100.9168\r\n        Host ID = SANITIZED-GUID\r\n        Host Application = C:\\Windows\\SysWOW64\\WindowsPowerShell\\v1.0\\powershell.exe\r\n        Engine Version = 5.1.26100.9168\r\n        Runspace ID = SANITIZED-GUID\r\n        Pipeline ID = 6\r\n        Command Name = Get-Date\r\n        Command Type = Cmdlet\r\n        Script Name = \r\n        Command Path = \r\n        Sequence Number = 33\r\n        User = FORENSIC-HOST\\analyst\r\n        Connected User = \r\n        Shell ID = Microsoft.PowerShell\r\n\r\n\r\nUser Data:",
    "provenance": "C:\\ForensicAgent\\sample_data\\S1_PowerShell\\powershell_events.csv"
  },
  {
    "evidence_id": "PS-0012",
    "artifact_type": "Windows PowerShell Event Log",
    "source": "Microsoft-Windows-PowerShell/Operational",
    "event_id": "4103",
    "timestamp": "06-Sep-26 1:05:33 PM",
    "level": "Information",
    "provider": "Microsoft-Windows-PowerShell",
    "value": "CommandInvocation(Get-Date): \"Get-Date\"\r\nCommandInvocation(Out-File): \"Out-File\"\r\nParameterBinding(Out-File): name=\"FilePath\"; value=\"C:\\ForensicAgent\\sample_data\\S1_PowerShell\\execution_time.txt\"\r\nParameterBinding(Out-File): name=\"InputObject\"; value=\"06-Sep-26 1:05:33 PM\"\r\n\r\n\r\nContext:\r\n        Severity = Informational\r\n        Host Name = ConsoleHost\r\n        Host Version = 5.1.26100.9168\r\n        Host ID = SANITIZED-GUID\r\n        Host Application = C:\\Windows\\SysWOW64\\WindowsPowerShell\\v1.0\\powershell.exe\r\n        Engine Version = 5.1.26100.9168\r\n        Runspace ID = SANITIZED-GUID\r\n        Pipeline ID = 6\r\n        Command Name = Get-Date\r\n        Command Type = Cmdlet\r\n        Script Name = \r\n        Command Path = \r\n        Sequence Number = 31\r\n        User = FORENSIC-HOST\\analyst\r\n        Connected User = \r\n        Shell ID = Microsoft.PowerShell\r\n\r\n\r\nUser Data:",
    "provenance": "C:\\ForensicAgent\\sample_data\\S1_PowerShell\\powershell_events.csv"
  },
  {
    "evidence_id": "PS-0013",
    "artifact_type": "Windows PowerShell Event Log",
    "source": "Microsoft-Windows-PowerShell/Operational",
    "event_id": "4103",
    "timestamp": "06-Sep-26 1:05:33 PM",
    "level": "Information",
    "provider": "Microsoft-Windows-PowerShell",
    "value": "CommandInvocation(Set-StrictMode): \"Set-StrictMode\"\r\nParameterBinding(Set-StrictMode): name=\"Version\"; value=\"1.0\"\r\n\r\n\r\nContext:\r\n        Severity = Informational\r\n        Host Name = ConsoleHost\r\n        Host Version = 5.1.26100.9168\r\n        Host ID = SANITIZED-GUID\r\n        Host Application = C:\\Windows\\SysWOW64\\WindowsPowerShell\\v1.0\\powershell.exe\r\n        Engine Version = 5.1.26100.9168\r\n        Runspace ID = SANITIZED-GUID\r\n        Pipeline ID = 6\r\n        Command Name = Set-StrictMode\r\n        Command Type = Cmdlet\r\n        Script Name = \r\n        Command Path = \r\n        Sequence Number = 29\r\n        User = FORENSIC-HOST\\analyst\r\n        Connected User = \r\n        Shell ID = Microsoft.PowerShell\r\n\r\n\r\nUser Data:",
    "provenance": "C:\\ForensicAgent\\sample_data\\S1_PowerShell\\powershell_events.csv"
  },
  {
    "evidence_id": "PS-0014",
    "artifact_type": "Windows PowerShell Event Log",
    "source": "Microsoft-Windows-PowerShell/Operational",
    "event_id": "4104",
    "timestamp": "06-Sep-26 1:05:33 PM",
    "level": "Verbose",
    "provider": "Microsoft-Windows-PowerShell",
    "value": "Creating Scriptblock text (1 of 1):\r\n{ Set-StrictMode -Version 1; $this.DisplayHint }\r\n\r\nScriptBlock ID: SANITIZED-GUID\r\nPath:",
    "provenance": "C:\\ForensicAgent\\sample_data\\S1_PowerShell\\powershell_events.csv"
  },
  {
    "evidence_id": "PS-0015",
    "artifact_type": "Windows PowerShell Event Log",
    "source": "Microsoft-Windows-PowerShell/Operational",
    "event_id": "4103",
    "timestamp": "06-Sep-26 1:05:33 PM",
    "level": "Information",
    "provider": "Microsoft-Windows-PowerShell",
    "value": "CommandInvocation(Set-StrictMode): \"Set-StrictMode\"\r\nParameterBinding(Set-StrictMode): name=\"Version\"; value=\"1.0\"\r\n\r\n\r\nContext:\r\n        Severity = Informational\r\n        Host Name = ConsoleHost\r\n        Host Version = 5.1.26100.9168\r\n        Host ID = SANITIZED-GUID\r\n        Host Application = C:\\Windows\\SysWOW64\\WindowsPowerShell\\v1.0\\powershell.exe\r\n        Engine Version = 5.1.26100.9168\r\n        Runspace ID = SANITIZED-GUID\r\n        Pipeline ID = 6\r\n        Command Name = Set-StrictMode\r\n        Command Type = Cmdlet\r\n        Script Name = \r\n        Command Path = \r\n        Sequence Number = 27\r\n        User = FORENSIC-HOST\\analyst\r\n        Connected User = \r\n        Shell ID = Microsoft.PowerShell\r\n\r\n\r\nUser Data:",
    "provenance": "C:\\ForensicAgent\\sample_data\\S1_PowerShell\\powershell_events.csv"
  },
  {
    "evidence_id": "PS-0016",
    "artifact_type": "Windows PowerShell Event Log",
    "source": "Microsoft-Windows-PowerShell/Operational",
    "event_id": "4104",
    "timestamp": "06-Sep-26 1:05:33 PM",
    "level": "Verbose",
    "provider": "Microsoft-Windows-PowerShell",
    "value": "Creating Scriptblock text (1 of 1):\r\n{ Set-StrictMode -Version 1; $this.DisplayHint }\r\n\r\nScriptBlock ID: SANITIZED-GUID\r\nPath:",
    "provenance": "C:\\ForensicAgent\\sample_data\\S1_PowerShell\\powershell_events.csv"
  },
  {
    "evidence_id": "PS-0017",
    "artifact_type": "Windows PowerShell Event Log",
    "source": "Microsoft-Windows-PowerShell/Operational",
    "event_id": "4103",
    "timestamp": "06-Sep-26 1:05:33 PM",
    "level": "Information",
    "provider": "Microsoft-Windows-PowerShell",
    "value": "CommandInvocation(Get-Process): \"Get-Process\"\r\nCommandInvocation(Select-Object): \"Select-Object\"\r\nParameterBinding(Select-Object): name=\"First\"; value=\"5\"\r\nCommandInvocation(Out-File): \"Out-File\"\r\nParameterBinding(Out-File): name=\"FilePath\"; value=\"C:\\ForensicAgent\\sample_data\\S1_PowerShell\\process_snapshot.txt\"\r\nParameterBinding(Select-Object): name=\"InputObject\"; value=\"System.Diagnostics.Process (AggregatorHost)\"\r\nParameterBinding(Out-File): name=\"InputObject\"; value=\"System.Diagnostics.Process (AggregatorHost)\"\r\nParameterBinding(Select-Object): name=\"InputObject\"; value=\"System.Diagnostics.Process (AnyDesk)\"\r\nParameterBinding(Out-File): name=\"InputObject\"; value=\"System.Diagnostics.Process (AnyDesk)\"\r\nParameterBinding(Select-Object): name=\"InputObject\"; value=\"System.Diagnostics.Process (AnyDesk)\"\r\nParameterBinding(Out-File): name=\"InputObject\"; value=\"System.Diagnostics.Process (AnyDesk)\"\r\nParameterBinding(Select-Object): name=\"InputObject\"; value=\"System.Diagnostics.Process (ApplicationFrameHost)\"\r\nParameterBinding(Out-File): name=\"InputObject\"; value=\"System.Diagnostics.Process (ApplicationFrameHost)\"\r\nParameterBinding(Select-Object): name=\"InputObject\"; value=\"System.Diagnostics.Process (audiodg)\"\r\nParameterBinding(Out-File): name=\"InputObject\"; value=\"System.Diagnostics.Process (audiodg)\"\r\n\r\n\r\nContext:\r\n        Severity = Informational\r\n        Host Name = ConsoleHost\r\n        Host Version = 5.1.26100.9168\r\n        Host ID = SANITIZED-GUID\r\n        Host Application = C:\\Windows\\SysWOW64\\WindowsPowerShell\\v1.0\\powershell.exe\r\n        Engine Version = 5.1.26100.9168\r\n        Runspace ID = SANITIZED-GUID\r\n        Pipeline ID = 6\r\n        Command Name = Get-Process\r\n        Command Type = Cmdlet\r\n        Script Name = \r\n        Command Path = \r\n        Sequence Number = 25\r\n        User = FORENSIC-HOST\\analyst\r\n        Connected User = \r\n        Shell ID = Microsoft.PowerShell\r\n\r\n\r\nUser Data:",
    "provenance": "C:\\ForensicAgent\\sample_data\\S1_PowerShell\\powershell_events.csv"
  },
  {
    "evidence_id": "PS-0018",
    "artifact_type": "Windows PowerShell Event Log",
    "source": "Microsoft-Windows-PowerShell/Operational",
    "event_id": "4100",
    "timestamp": "06-Sep-26 1:05:33 PM",
    "level": "Warning",
    "provider": "Microsoft-Windows-PowerShell",
    "value": "Error Message = System error.\r\n\r\n\r\nContext:\r\n        Severity = Warning\r\n        Host Name = ConsoleHost\r\n        Host Version = 5.1.26100.9168\r\n        Host ID = SANITIZED-GUID\r\n        Host Application = C:\\Windows\\SysWOW64\\WindowsPowerShell\\v1.0\\powershell.exe\r\n        Engine Version = 5.1.26100.9168\r\n        Runspace ID = SANITIZED-GUID\r\n        Pipeline ID = 6\r\n        Command Name = \r\n        Command Type = \r\n        Script Name = \r\n        Command Path = \r\n        Sequence Number = 23\r\n        User = FORENSIC-HOST\\analyst\r\n        Connected User = \r\n        Shell ID = Microsoft.PowerShell\r\n\r\n\r\nUser Data:",
    "provenance": "C:\\ForensicAgent\\sample_data\\S1_PowerShell\\powershell_events.csv"
  },
  {
    "evidence_id": "PS-0019",
    "artifact_type": "Windows PowerShell Event Log",
    "source": "Microsoft-Windows-PowerShell/Operational",
    "event_id": "4103",
    "timestamp": "06-Sep-26 1:05:33 PM",
    "level": "Information",
    "provider": "Microsoft-Windows-PowerShell",
    "value": "CommandInvocation(Out-File): \"Out-File\"\r\nParameterBinding(Out-File): name=\"FilePath\"; value=\"C:\\ForensicAgent\\sample_data\\S1_PowerShell\\evidence.txt\"\r\nParameterBinding(Out-File): name=\"InputObject\"; value=\"ICA2026_FORENSIC_TEST\"\r\n\r\n\r\nContext:\r\n        Severity = Informational\r\n        Host Name = ConsoleHost\r\n        Host Version = 5.1.26100.9168\r\n        Host ID = SANITIZED-GUID\r\n        Host Application = C:\\Windows\\SysWOW64\\WindowsPowerShell\\v1.0\\powershell.exe\r\n        Engine Version = 5.1.26100.9168\r\n        Runspace ID = SANITIZED-GUID\r\n        Pipeline ID = 6\r\n        Command Name = Out-File\r\n        Command Type = Cmdlet\r\n        Script Name = \r\n        Command Path = \r\n        Sequence Number = 22\r\n        User = FORENSIC-HOST\\analyst\r\n        Connected User = \r\n        Shell ID = Microsoft.PowerShell\r\n\r\n\r\nUser Data:",
    "provenance": "C:\\ForensicAgent\\sample_data\\S1_PowerShell\\powershell_events.csv"
  },
  {
    "evidence_id": "PS-0020",
    "artifact_type": "Windows PowerShell Event Log",
    "source": "Microsoft-Windows-PowerShell/Operational",
    "event_id": "4103",
    "timestamp": "06-Sep-26 1:05:33 PM",
    "level": "Information",
    "provider": "Microsoft-Windows-PowerShell",
    "value": "CommandInvocation(Get-Date): \"Get-Date\"\r\n\r\n\r\nContext:\r\n        Severity = Informational\r\n        Host Name = ConsoleHost\r\n        Host Version = 5.1.26100.9168\r\n        Host ID = SANITIZED-GUID\r\n        Host Application = C:\\Windows\\SysWOW64\\WindowsPowerShell\\v1.0\\powershell.exe\r\n        Engine Version = 5.1.26100.9168\r\n        Runspace ID = SANITIZED-GUID\r\n        Pipeline ID = 6\r\n        Command Name = Get-Date\r\n        Command Type = Cmdlet\r\n        Script Name = \r\n        Command Path = \r\n        Sequence Number = 20\r\n        User = FORENSIC-HOST\\analyst\r\n        Connected User = \r\n        Shell ID = Microsoft.PowerShell\r\n\r\n\r\nUser Data:",
    "provenance": "C:\\ForensicAgent\\sample_data\\S1_PowerShell\\powershell_events.csv"
  },
  {
    "evidence_id": "PS-0022",
    "artifact_type": "Windows PowerShell Event Log",
    "source": "Microsoft-Windows-PowerShell/Operational",
    "event_id": "4103",
    "timestamp": "06-Sep-26 1:05:32 PM",
    "level": "Information",
    "provider": "Microsoft-Windows-PowerShell",
    "value": "CommandInvocation(PSConsoleHostReadLine): \"PSConsoleHostReadLine\"\r\n\r\n\r\nContext:\r\n        Severity = Informational\r\n        Host Name = ConsoleHost\r\n        Host Version = 5.1.26100.9168\r\n        Host ID = SANITIZED-GUID\r\n        Host Application = C:\\Windows\\SysWOW64\\WindowsPowerShell\\v1.0\\powershell.exe\r\n        Engine Version = 5.1.26100.9168\r\n        Runspace ID = SANITIZED-GUID\r\n        Pipeline ID = 3\r\n        Command Name = PSConsoleHostReadLine\r\n        Command Type = Function\r\n        Script Name = \r\n        Command Path = \r\n        Sequence Number = 18\r\n        User = FORENSIC-HOST\\analyst\r\n        Connected User = \r\n        Shell ID = Microsoft.PowerShell\r\n\r\n\r\nUser Data:",
    "provenance": "C:\\ForensicAgent\\sample_data\\S1_PowerShell\\powershell_events.csv"
  },
  {
    "evidence_id": "PS-0023",
    "artifact_type": "Windows PowerShell Event Log",
    "source": "Microsoft-Windows-PowerShell/Operational",
    "event_id": "4104",
    "timestamp": "06-Sep-26 1:05:23 PM",
    "level": "Verbose",
    "provider": "Microsoft-Windows-PowerShell",
    "value": "Creating Scriptblock text (1 of 1):\r\n$Host\r\n\r\nScriptBlock ID: SANITIZED-GUID\r\nPath:",
    "provenance": "C:\\ForensicAgent\\sample_data\\S1_PowerShell\\powershell_events.csv"
  },
  {
    "evidence_id": "PS-0024",
    "artifact_type": "Windows PowerShell Event Log",
    "source": "Microsoft-Windows-PowerShell/Operational",
    "event_id": "4103",
    "timestamp": "06-Sep-26 1:05:23 PM",
    "level": "Information",
    "provider": "Microsoft-Windows-PowerShell",
    "value": "CommandInvocation(Set-StrictMode): \"Set-StrictMode\"\r\nParameterBinding(Set-StrictMode): name=\"Off\"; value=\"True\"\r\n\r\n\r\nContext:\r\n        Severity = Informational\r\n        Host Name = ConsoleHost\r\n        Host Version = 5.1.26100.9168\r\n        Host ID = SANITIZED-GUID\r\n        Host Application = C:\\Windows\\SysWOW64\\WindowsPowerShell\\v1.0\\powershell.exe\r\n        Engine Version = 5.1.26100.9168\r\n        Runspace ID = SANITIZED-GUID\r\n        Pipeline ID = 3\r\n        Command Name = Set-StrictMode\r\n        Command Type = Cmdlet\r\n        Script Name = C:\\Program Files\\WindowsPowerShell\\Modules\\PSReadLine\\2.0.0\\PSReadLine.psm1\r\n        Command Path = \r\n        Sequence Number = 16\r\n        User = FORENSIC-HOST\\analyst\r\n        Connected User = \r\n        Shell ID = Microsoft.PowerShell\r\n\r\n\r\nUser Data:",
    "provenance": "C:\\ForensicAgent\\sample_data\\S1_PowerShell\\powershell_events.csv"
  },
  {
    "evidence_id": "PS-0025",
    "artifact_type": "Windows PowerShell Event Log",
    "source": "Microsoft-Windows-PowerShell/Operational",
    "event_id": "4104",
    "timestamp": "06-Sep-26 1:05:23 PM",
    "level": "Verbose",
    "provider": "Microsoft-Windows-PowerShell",
    "value": "Creating Scriptblock text (1 of 1):\r\nprompt\r\n\r\nScriptBlock ID: SANITIZED-GUID\r\nPath:",
    "provenance": "C:\\ForensicAgent\\sample_data\\S1_PowerShell\\powershell_events.csv"
  },
  {
    "evidence_id": "PS-0026",
    "artifact_type": "Windows PowerShell Event Log",
    "source": "Microsoft-Windows-PowerShell/Operational",
    "event_id": "40962",
    "timestamp": "06-Sep-26 1:05:23 PM",
    "level": "Information",
    "provider": "Microsoft-Windows-PowerShell",
    "value": "PowerShell console is ready for user input",
    "provenance": "C:\\ForensicAgent\\sample_data\\S1_PowerShell\\powershell_events.csv"
  },
  {
    "evidence_id": "PS-0027",
    "artifact_type": "Windows PowerShell Event Log",
    "source": "Microsoft-Windows-PowerShell/Operational",
    "event_id": "53504",
    "timestamp": "06-Sep-26 1:05:22 PM",
    "level": "Information",
    "provider": "Microsoft-Windows-PowerShell",
    "value": "Windows PowerShell has started an IPC listening thread on process: 15752 in AppDomain: DefaultAppDomain.",
    "provenance": "C:\\ForensicAgent\\sample_data\\S1_PowerShell\\powershell_events.csv"
  },
  {
    "evidence_id": "PS-0028",
    "artifact_type": "Windows PowerShell Event Log",
    "source": "Microsoft-Windows-PowerShell/Operational",
    "event_id": "40961",
    "timestamp": "06-Sep-26 1:05:22 PM",
    "level": "Information",
    "provider": "Microsoft-Windows-PowerShell",
    "value": "PowerShell console is starting up",
    "provenance": "C:\\ForensicAgent\\sample_data\\S1_PowerShell\\powershell_events.csv"
  },
  {
    "evidence_id": "PS-0029",
    "artifact_type": "Windows PowerShell Event Log",
    "source": "Microsoft-Windows-PowerShell/Operational",
    "event_id": "4104",
    "timestamp": "06-Sep-26 1:05:12 PM",
    "level": "Warning",
    "provider": "Microsoft-Windows-PowerShell",
    "value": "Creating Scriptblock text (1 of 1):\r\n# Enable Script Block Logging\nNew-Item -Path \"HKLM:\\SOFTWARE\\Policies\\Microsoft\\Windows\\PowerShell\\ScriptBlockLogging\" -Force | Out-Null\nNew-ItemProperty `\n  -Path \"HKLM:\\SOFTWARE\\Policies\\Microsoft\\Windows\\PowerShell\\ScriptBlockLogging\" `\n  -Name EnableScriptBlockLogging `\n  -Value 1 `\n  -PropertyType DWord `\n  -Force | Out-Null\n\n# Enable Module Logging\nNew-Item -Path \"HKLM:\\SOFTWARE\\Policies\\Microsoft\\Windows\\PowerShell\\ModuleLogging\" -Force | Out-Null\nNew-ItemProperty `\n  -Path \"HKLM:\\SOFTWARE\\Policies\\Microsoft\\Windows\\PowerShell\\ModuleLogging\" `\n  -Name EnableModuleLogging `\n  -Value 1 `\n  -PropertyType DWord `\n  -Force | Out-Null\n\nNew-Item `\n  -Path \"HKLM:\\SOFTWARE\\Policies\\Microsoft\\Windows\\PowerShell\\ModuleLogging\\ModuleNames\" `\n  -Force | Out-Null\n\nNew-ItemProperty `\n  -Path \"HKLM:\\SOFTWARE\\Policies\\Microsoft\\Windows\\PowerShell\\ModuleLogging\\ModuleNames\" `\n  -Name \"*\" `\n  -Value \"*\" `\n  -PropertyType String `\n  -Force | Out-Null\r\n\r\nScriptBlock ID: SANITIZED-GUID\r\nPath:",
    "provenance": "C:\\ForensicAgent\\sample_data\\S1_PowerShell\\powershell_events.csv"
  },
  {
    "evidence_id": "PS-0030",
    "artifact_type": "Windows PowerShell Event Log",
    "source": "Microsoft-Windows-PowerShell/Operational",
    "event_id": "4100",
    "timestamp": "06-Sep-26 12:59:20 PM",
    "level": "Warning",
    "provider": "Microsoft-Windows-PowerShell",
    "value": "Error Message = Could not find a part of the path 'C:\\ForensicAgent\\sample_data\\S1_PowerShell\\powershell_events.csv'.\r\nFully Qualified Error ID = FileOpenFailure,Microsoft.PowerShell.Commands.ExportCsvCommand\r\n\r\n\r\nContext:\r\n        Severity = Warning\r\n        Host Name = ConsoleHost\r\n        Host Version = 5.1.26100.9168\r\n        Host ID = SANITIZED-GUID\r\n        Host Application = C:\\Windows\\SysWOW64\\WindowsPowerShell\\v1.0\\powershell.exe\r\n        Engine Version = 5.1.26100.9168\r\n        Runspace ID = SANITIZED-GUID\r\n        Pipeline ID = 25\r\n        Command Name = Export-Csv\r\n        Command Type = Cmdlet\r\n        Script Name = \r\n        Command Path = \r\n        Sequence Number = 16\r\n        User = FORENSIC-HOST\\analyst\r\n        Connected User = \r\n        Shell ID = Microsoft.PowerShell\r\n\r\n\r\nUser Data:",
    "provenance": "C:\\ForensicAgent\\sample_data\\S1_PowerShell\\powershell_events.csv"
  },
  {
    "evidence_id": "PS-0031",
    "artifact_type": "Windows PowerShell Event Log",
    "source": "Microsoft-Windows-PowerShell/Operational",
    "event_id": "4100",
    "timestamp": "06-Sep-26 12:59:13 PM",
    "level": "Warning",
    "provider": "Microsoft-Windows-PowerShell",
    "value": "Error Message = Could not find a part of the path 'C:\\ForensicAgent\\sample_data\\S1_PowerShell\\powershell_events.csv'.\r\nFully Qualified Error ID = FileOpenFailure,Microsoft.PowerShell.Commands.ExportCsvCommand\r\n\r\n\r\nContext:\r\n        Severity = Warning\r\n        Host Name = ConsoleHost\r\n        Host Version = 5.1.26100.9168\r\n        Host ID = SANITIZED-GUID\r\n        Host Application = C:\\Windows\\SysWOW64\\WindowsPowerShell\\v1.0\\powershell.exe\r\n        Engine Version = 5.1.26100.9168\r\n        Runspace ID = SANITIZED-GUID\r\n        Pipeline ID = 8\r\n        Command Name = Export-Csv\r\n        Command Type = Cmdlet\r\n        Script Name = \r\n        Command Path = \r\n        Sequence Number = 15\r\n        User = FORENSIC-HOST\\analyst\r\n        Connected User = \r\n        Shell ID = Microsoft.PowerShell\r\n\r\n\r\nUser Data:",
    "provenance": "C:\\ForensicAgent\\sample_data\\S1_PowerShell\\powershell_events.csv"
  },
  {
    "evidence_id": "PS-0032",
    "artifact_type": "Windows PowerShell Event Log",
    "source": "Microsoft-Windows-PowerShell/Operational",
    "event_id": "40962",
    "timestamp": "06-Sep-26 12:58:56 PM",
    "level": "Information",
    "provider": "Microsoft-Windows-PowerShell",
    "value": "PowerShell console is ready for user input",
    "provenance": "C:\\ForensicAgent\\sample_data\\S1_PowerShell\\powershell_events.csv"
  },
  {
    "evidence_id": "PS-0033",
    "artifact_type": "Windows PowerShell Event Log",
    "source": "Microsoft-Windows-PowerShell/Operational",
    "event_id": "53504",
    "timestamp": "06-Sep-26 12:58:56 PM",
    "level": "Information",
    "provider": "Microsoft-Windows-PowerShell",
    "value": "Windows PowerShell has started an IPC listening thread on process: 19716 in AppDomain: DefaultAppDomain.",
    "provenance": "C:\\ForensicAgent\\sample_data\\S1_PowerShell\\powershell_events.csv"
  },
  {
    "evidence_id": "PS-0034",
    "artifact_type": "Windows PowerShell Event Log",
    "source": "Microsoft-Windows-PowerShell/Operational",
    "event_id": "40961",
    "timestamp": "06-Sep-26 12:58:55 PM",
    "level": "Information",
    "provider": "Microsoft-Windows-PowerShell",
    "value": "PowerShell console is starting up",
    "provenance": "C:\\ForensicAgent\\sample_data\\S1_PowerShell\\powershell_events.csv"
  }
]